<?xml version="1.0" encoding="UTF-8"?>
<testsuite name="tests.RegistrationTest" tests="1" skipped="0" failures="0" errors="0" timestamp="2021-12-01T16:21:45" hostname="DESKTOP-5I9HDR9" time="4.665">
  <properties/>
  <testcase name="registrationTestPositive" classname="tests.RegistrationTest" time="4.665"/>
  <system-out><![CDATA[18:21:34 [Test worker] INFO  tests.TestBase - Start test -->registrationTestPositive
Hello
18:21:34 [Test worker] INFO  manager.MyListener - start search element by locator --->By.xpath: //button[text()='Sign Out']
18:21:45 [Test worker] INFO  manager.MyListener - The element with locator ---> By.xpath: //button[text()='Sign Out']was found
Email: sfg1305@gmail.com
18:21:45 [Test worker] INFO  tests.TestBase - Test Registration Positive starts with >>>sfg1305@gmail.com
18:21:45 [Test worker] INFO  tests.TestBase - Test Registration Positive starts with >>>David123$
Hello
18:21:45 [Test worker] INFO  manager.MyListener - start search element by locator --->By.xpath: //a[text()='LOGIN']
18:21:45 [Test worker] INFO  manager.MyListener - The element with locator ---> By.xpath: //a[text()='LOGIN']was found
Hello
18:21:46 [Test worker] INFO  manager.MyListener - start search element by locator --->By.xpath: //input[1]
18:21:46 [Test worker] INFO  manager.MyListener - The element with locator ---> By.xpath: //input[1]was found
Hello
18:21:47 [Test worker] INFO  manager.MyListener - start search element by locator --->By.xpath: //input[1]
18:21:47 [Test worker] INFO  manager.MyListener - The element with locator ---> By.xpath: //input[1]was found
Hello
18:21:47 [Test worker] INFO  manager.MyListener - start search element by locator --->By.xpath: //input[2]
18:21:47 [Test worker] INFO  manager.MyListener - The element with locator ---> By.xpath: //input[2]was found
Hello
18:21:48 [Test worker] INFO  manager.MyListener - start search element by locator --->By.xpath: //button[2]
18:21:48 [Test worker] INFO  manager.MyListener - The element with locator ---> By.xpath: //button[2]was found
Hello
18:21:48 [Test worker] INFO  manager.MyListener - start search element by locator --->By.xpath: //button[text()='Sign Out']
18:21:49 [Test worker] INFO  manager.MyListener - The element with locator ---> By.xpath: //button[text()='Sign Out']was found
18:21:57 [Test worker] INFO  tests.TestBase - **********************************
]]></system-out>
  <system-err><![CDATA[]]></system-err>
</testsuite>
