<?xml version="1.0" encoding="UTF-8"?>
<testsuite name="tests.LoginTest" tests="2" skipped="0" failures="0" errors="0" timestamp="2021-11-20T13:43:21" hostname="DESKTOP-5I9HDR9" time="57.326">
  <properties/>
  <testcase name="loginTest2" classname="tests.LoginTest" time="6.815"/>
  <testcase name="loginTest2" classname="tests.LoginTest" time="6.747"/>
  <system-out><![CDATA[15:43:11 [Test worker] INFO  tests.TestBase - Start test -->loginTest2
Hello
15:43:11 [Test worker] INFO  manager.MyListener - start search element by locator --->By.xpath: //button[text()='Sign Out']
15:43:21 [Test worker] INFO  manager.MyListener - The element with locator ---> By.xpath: //button[text()='Sign Out']was found
Hello
15:43:21 [Test worker] INFO  manager.MyListener - start search element by locator --->By.xpath: //a[text()='LOGIN']
15:43:21 [Test worker] INFO  manager.MyListener - The element with locator ---> By.xpath: //a[text()='LOGIN']was found
Hello
15:43:22 [Test worker] INFO  manager.MyListener - start search element by locator --->By.xpath: //input[1]
15:43:22 [Test worker] INFO  manager.MyListener - The element with locator ---> By.xpath: //input[1]was found
Hello
15:43:22 [Test worker] INFO  manager.MyListener - start search element by locator --->By.xpath: //input[2]
15:43:22 [Test worker] INFO  manager.MyListener - The element with locator ---> By.xpath: //input[2]was found
Hello
15:43:23 [Test worker] INFO  manager.MyListener - start search element by locator --->By.xpath: //button[1]
15:43:23 [Test worker] INFO  manager.MyListener - The element with locator ---> By.xpath: //button[1]was found
Hello
15:43:28 [Test worker] INFO  manager.MyListener - start search element by locator --->By.xpath: //button[text()='Sign Out']
15:43:28 [Test worker] INFO  manager.MyListener - The element with locator ---> By.xpath: //button[text()='Sign Out']was found
15:43:28 [Test worker] INFO  tests.TestBase - **********************************
15:44:02 [Test worker] INFO  tests.TestBase - Start test -->loginTest2
Hello
15:44:02 [Test worker] INFO  manager.MyListener - start search element by locator --->By.xpath: //button[text()='Sign Out']
15:44:12 [Test worker] INFO  manager.MyListener - The element with locator ---> By.xpath: //button[text()='Sign Out']was found
Hello
15:44:12 [Test worker] INFO  manager.MyListener - start search element by locator --->By.xpath: //a[text()='LOGIN']
15:44:12 [Test worker] INFO  manager.MyListener - The element with locator ---> By.xpath: //a[text()='LOGIN']was found
Hello
15:44:12 [Test worker] INFO  manager.MyListener - start search element by locator --->By.xpath: //input[1]
15:44:12 [Test worker] INFO  manager.MyListener - The element with locator ---> By.xpath: //input[1]was found
Hello
15:44:13 [Test worker] INFO  manager.MyListener - start search element by locator --->By.xpath: //input[2]
15:44:13 [Test worker] INFO  manager.MyListener - The element with locator ---> By.xpath: //input[2]was found
Hello
15:44:13 [Test worker] INFO  manager.MyListener - start search element by locator --->By.xpath: //button[1]
15:44:13 [Test worker] INFO  manager.MyListener - The element with locator ---> By.xpath: //button[1]was found
Hello
15:44:18 [Test worker] INFO  manager.MyListener - start search element by locator --->By.xpath: //button[text()='Sign Out']
15:44:18 [Test worker] INFO  manager.MyListener - The element with locator ---> By.xpath: //button[text()='Sign Out']was found
15:44:18 [Test worker] INFO  tests.TestBase - **********************************
]]></system-out>
  <system-err><![CDATA[]]></system-err>
</testsuite>
